<?xml version="1.0" encoding="UTF-8"?>
<!-- Generated by org.testng.reporters.JUnitXMLReporter -->
<testsuite ignored="0" hostname="LAPTOP-FLQ1BQI1" failures="0" tests="3" name="Default test" time="26.657" errors="0" timestamp="2023-04-08T12:58:32 IST">
  <testcase classname="testsClasses.Login" name="login" time="10.46"/>
  <testcase classname="testsClasses.Login" name="login" time="8.111"/>
  <testcase classname="testsClasses.Login" name="login" time="6.025"/>
</testsuite> <!-- Default test -->
