<?xml version="1.0" encoding="UTF-8"?>
<testng-results ignored="0" total="3" passed="3" failed="0" skipped="0">
  <reporter-output>
  </reporter-output>
  <suite started-at="2023-04-08T13:37:51 IST" name="Suite" finished-at="2023-04-08T13:38:30 IST" duration-ms="39447">
    <groups>
    </groups>
    <test started-at="2023-04-08T13:37:51 IST" name="Test" finished-at="2023-04-08T13:38:30 IST" duration-ms="39447">
      <class name="testsClasses.LoginTest">
        <test-method signature="login(java.util.HashMap)[pri:0, instance:testsClasses.LoginTest@1b1cfb87]" started-at="2023-04-08T13:37:52 IST" name="login" data-provider="dataSupplier" finished-at="2023-04-08T13:38:11 IST" duration-ms="19437" status="PASS">
          <params>
            <param index="0">
              <value>
                <![CDATA[{Runmode=Y, ExpectedResult=Failure, Username=amittester@gmail.com, Browser=Chrome, Password=abcdefg}]]>
              </value>
            </param>
          </params>
          <reporter-output>
          </reporter-output>
        </test-method> <!-- login -->
        <test-method is-config="true" signature="tearDown()[pri:0, instance:testsClasses.LoginTest@1b1cfb87]" started-at="2023-04-08T13:38:11 IST" name="tearDown" finished-at="2023-04-08T13:38:11 IST" duration-ms="226" status="PASS">
          <reporter-output>
          </reporter-output>
        </test-method> <!-- tearDown -->
        <test-method signature="login(java.util.HashMap)[pri:0, instance:testsClasses.LoginTest@1b1cfb87]" started-at="2023-04-08T13:38:11 IST" name="login" data-provider="dataSupplier" finished-at="2023-04-08T13:38:18 IST" duration-ms="6471" status="PASS">
          <params>
            <param index="0">
              <value>
                <![CDATA[{Runmode=Y, ExpectedResult=Success, Username=amittester123@gmail.com, Browser=Firefox, Password=abcde}]]>
              </value>
            </param>
          </params>
          <reporter-output>
          </reporter-output>
        </test-method> <!-- login -->
        <test-method is-config="true" signature="tearDown()[pri:0, instance:testsClasses.LoginTest@1b1cfb87]" started-at="2023-04-08T13:38:18 IST" name="tearDown" finished-at="2023-04-08T13:38:19 IST" duration-ms="831" status="PASS">
          <reporter-output>
          </reporter-output>
        </test-method> <!-- tearDown -->
        <test-method signature="login(java.util.HashMap)[pri:0, instance:testsClasses.LoginTest@1b1cfb87]" started-at="2023-04-08T13:38:19 IST" name="login" data-provider="dataSupplier" finished-at="2023-04-08T13:38:24 IST" duration-ms="5237" status="PASS">
          <params>
            <param index="0">
              <value>
                <![CDATA[{Runmode=Y, ExpectedResult=Success, Username=amittester1234@gmail.com, Browser=Edge, Password=abcde}]]>
              </value>
            </param>
          </params>
          <reporter-output>
          </reporter-output>
        </test-method> <!-- login -->
        <test-method is-config="true" signature="tearDown()[pri:0, instance:testsClasses.LoginTest@1b1cfb87]" started-at="2023-04-08T13:38:24 IST" name="tearDown" finished-at="2023-04-08T13:38:30 IST" duration-ms="6426" status="PASS">
          <reporter-output>
          </reporter-output>
        </test-method> <!-- tearDown -->
      </class> <!-- testsClasses.LoginTest -->
    </test> <!-- Test -->
  </suite> <!-- Suite -->
</testng-results>
